  Source.cpp
c:\users\game110pm\source\repos\allegro brack out\allegro brack out\source.cpp(29): error C2365: 'brick::isdead': redefinition; previous definition was 'data member'
  c:\users\game110pm\source\repos\allegro brack out\allegro brack out\source.cpp(23): note: see declaration of 'brick::isdead'
c:\users\game110pm\source\repos\allegro brack out\allegro brack out\source.cpp(157): error C2248: 'brick::isdead': cannot access private member declared in class 'brick'
  c:\users\game110pm\source\repos\allegro brack out\allegro brack out\source.cpp(23): note: see declaration of 'brick::isdead'
  c:\users\game110pm\source\repos\allegro brack out\allegro brack out\source.cpp(19): note: see declaration of 'brick'
c:\users\game110pm\source\repos\allegro brack out\allegro brack out\source.cpp(157): error C2064: term does not evaluate to a function taking 0 arguments
c:\users\game110pm\source\repos\allegro brack out\allegro brack out\source.cpp(161): error C2248: 'brick::isdead': cannot access private member declared in class 'brick'
  c:\users\game110pm\source\repos\allegro brack out\allegro brack out\source.cpp(23): note: see declaration of 'brick::isdead'
  c:\users\game110pm\source\repos\allegro brack out\allegro brack out\source.cpp(19): note: see declaration of 'brick'
c:\users\game110pm\source\repos\allegro brack out\allegro brack out\source.cpp(161): error C2064: term does not evaluate to a function taking 0 arguments
c:\users\game110pm\source\repos\allegro brack out\allegro brack out\source.cpp(165): error C2248: 'brick::isdead': cannot access private member declared in class 'brick'
  c:\users\game110pm\source\repos\allegro brack out\allegro brack out\source.cpp(23): note: see declaration of 'brick::isdead'
  c:\users\game110pm\source\repos\allegro brack out\allegro brack out\source.cpp(19): note: see declaration of 'brick'
c:\users\game110pm\source\repos\allegro brack out\allegro brack out\source.cpp(165): error C2064: term does not evaluate to a function taking 0 arguments
c:\users\game110pm\source\repos\allegro brack out\allegro brack out\source.cpp(169): error C2248: 'brick::isdead': cannot access private member declared in class 'brick'
  c:\users\game110pm\source\repos\allegro brack out\allegro brack out\source.cpp(23): note: see declaration of 'brick::isdead'
  c:\users\game110pm\source\repos\allegro brack out\allegro brack out\source.cpp(19): note: see declaration of 'brick'
c:\users\game110pm\source\repos\allegro brack out\allegro brack out\source.cpp(169): error C2064: term does not evaluate to a function taking 0 arguments
c:\users\game110pm\source\repos\allegro brack out\allegro brack out\source.cpp(173): error C2248: 'brick::isdead': cannot access private member declared in class 'brick'
  c:\users\game110pm\source\repos\allegro brack out\allegro brack out\source.cpp(23): note: see declaration of 'brick::isdead'
  c:\users\game110pm\source\repos\allegro brack out\allegro brack out\source.cpp(19): note: see declaration of 'brick'
c:\users\game110pm\source\repos\allegro brack out\allegro brack out\source.cpp(173): error C2064: term does not evaluate to a function taking 0 arguments
c:\users\game110pm\source\repos\allegro brack out\allegro brack out\source.cpp(177): error C2248: 'brick::isdead': cannot access private member declared in class 'brick'
  c:\users\game110pm\source\repos\allegro brack out\allegro brack out\source.cpp(23): note: see declaration of 'brick::isdead'
  c:\users\game110pm\source\repos\allegro brack out\allegro brack out\source.cpp(19): note: see declaration of 'brick'
c:\users\game110pm\source\repos\allegro brack out\allegro brack out\source.cpp(177): error C2064: term does not evaluate to a function taking 0 arguments
c:\users\game110pm\source\repos\allegro brack out\allegro brack out\source.cpp(181): error C2248: 'brick::isdead': cannot access private member declared in class 'brick'
  c:\users\game110pm\source\repos\allegro brack out\allegro brack out\source.cpp(23): note: see declaration of 'brick::isdead'
  c:\users\game110pm\source\repos\allegro brack out\allegro brack out\source.cpp(19): note: see declaration of 'brick'
c:\users\game110pm\source\repos\allegro brack out\allegro brack out\source.cpp(181): error C2064: term does not evaluate to a function taking 0 arguments
c:\users\game110pm\source\repos\allegro brack out\allegro brack out\source.cpp(185): error C2248: 'brick::isdead': cannot access private member declared in class 'brick'
  c:\users\game110pm\source\repos\allegro brack out\allegro brack out\source.cpp(23): note: see declaration of 'brick::isdead'
  c:\users\game110pm\source\repos\allegro brack out\allegro brack out\source.cpp(19): note: see declaration of 'brick'
c:\users\game110pm\source\repos\allegro brack out\allegro brack out\source.cpp(185): error C2064: term does not evaluate to a function taking 0 arguments
c:\users\game110pm\source\repos\allegro brack out\allegro brack out\source.cpp(189): error C2248: 'brick::isdead': cannot access private member declared in class 'brick'
  c:\users\game110pm\source\repos\allegro brack out\allegro brack out\source.cpp(23): note: see declaration of 'brick::isdead'
  c:\users\game110pm\source\repos\allegro brack out\allegro brack out\source.cpp(19): note: see declaration of 'brick'
c:\users\game110pm\source\repos\allegro brack out\allegro brack out\source.cpp(189): error C2064: term does not evaluate to a function taking 0 arguments
c:\users\game110pm\source\repos\allegro brack out\allegro brack out\source.cpp(193): error C2248: 'brick::isdead': cannot access private member declared in class 'brick'
  c:\users\game110pm\source\repos\allegro brack out\allegro brack out\source.cpp(23): note: see declaration of 'brick::isdead'
  c:\users\game110pm\source\repos\allegro brack out\allegro brack out\source.cpp(19): note: see declaration of 'brick'
c:\users\game110pm\source\repos\allegro brack out\allegro brack out\source.cpp(193): error C2064: term does not evaluate to a function taking 0 arguments
c:\users\game110pm\source\repos\allegro brack out\allegro brack out\source.cpp(197): error C2248: 'brick::isdead': cannot access private member declared in class 'brick'
  c:\users\game110pm\source\repos\allegro brack out\allegro brack out\source.cpp(23): note: see declaration of 'brick::isdead'
  c:\users\game110pm\source\repos\allegro brack out\allegro brack out\source.cpp(19): note: see declaration of 'brick'
c:\users\game110pm\source\repos\allegro brack out\allegro brack out\source.cpp(197): error C2064: term does not evaluate to a function taking 0 arguments
c:\users\game110pm\source\repos\allegro brack out\allegro brack out\source.cpp(201): error C2248: 'brick::isdead': cannot access private member declared in class 'brick'
  c:\users\game110pm\source\repos\allegro brack out\allegro brack out\source.cpp(23): note: see declaration of 'brick::isdead'
  c:\users\game110pm\source\repos\allegro brack out\allegro brack out\source.cpp(19): note: see declaration of 'brick'
c:\users\game110pm\source\repos\allegro brack out\allegro brack out\source.cpp(201): error C2064: term does not evaluate to a function taking 0 arguments
c:\users\game110pm\source\repos\allegro brack out\allegro brack out\source.cpp(205): error C2248: 'brick::isdead': cannot access private member declared in class 'brick'
  c:\users\game110pm\source\repos\allegro brack out\allegro brack out\source.cpp(23): note: see declaration of 'brick::isdead'
  c:\users\game110pm\source\repos\allegro brack out\allegro brack out\source.cpp(19): note: see declaration of 'brick'
c:\users\game110pm\source\repos\allegro brack out\allegro brack out\source.cpp(205): error C2064: term does not evaluate to a function taking 0 arguments
c:\users\game110pm\source\repos\allegro brack out\allegro brack out\source.cpp(209): error C2248: 'brick::isdead': cannot access private member declared in class 'brick'
  c:\users\game110pm\source\repos\allegro brack out\allegro brack out\source.cpp(23): note: see declaration of 'brick::isdead'
  c:\users\game110pm\source\repos\allegro brack out\allegro brack out\source.cpp(19): note: see declaration of 'brick'
c:\users\game110pm\source\repos\allegro brack out\allegro brack out\source.cpp(209): error C2064: term does not evaluate to a function taking 0 arguments
c:\users\game110pm\source\repos\allegro brack out\allegro brack out\source.cpp(213): error C2248: 'brick::isdead': cannot access private member declared in class 'brick'
  c:\users\game110pm\source\repos\allegro brack out\allegro brack out\source.cpp(23): note: see declaration of 'brick::isdead'
  c:\users\game110pm\source\repos\allegro brack out\allegro brack out\source.cpp(19): note: see declaration of 'brick'
c:\users\game110pm\source\repos\allegro brack out\allegro brack out\source.cpp(213): error C2064: term does not evaluate to a function taking 0 arguments
c:\users\game110pm\source\repos\allegro brack out\allegro brack out\source.cpp(260): error C2248: 'brick::isdead': cannot access private member declared in class 'brick'
  c:\users\game110pm\source\repos\allegro brack out\allegro brack out\source.cpp(23): note: see declaration of 'brick::isdead'
  c:\users\game110pm\source\repos\allegro brack out\allegro brack out\source.cpp(19): note: see declaration of 'brick'
c:\users\game110pm\source\repos\allegro brack out\allegro brack out\source.cpp(260): error C2064: term does not evaluate to a function taking 0 arguments
c:\users\game110pm\source\repos\allegro brack out\allegro brack out\source.cpp(263): error C2248: 'brick::isdead': cannot access private member declared in class 'brick'
  c:\users\game110pm\source\repos\allegro brack out\allegro brack out\source.cpp(23): note: see declaration of 'brick::isdead'
  c:\users\game110pm\source\repos\allegro brack out\allegro brack out\source.cpp(19): note: see declaration of 'brick'
c:\users\game110pm\source\repos\allegro brack out\allegro brack out\source.cpp(263): error C2064: term does not evaluate to a function taking 0 arguments
c:\users\game110pm\source\repos\allegro brack out\allegro brack out\source.cpp(266): error C2248: 'brick::isdead': cannot access private member declared in class 'brick'
  c:\users\game110pm\source\repos\allegro brack out\allegro brack out\source.cpp(23): note: see declaration of 'brick::isdead'
  c:\users\game110pm\source\repos\allegro brack out\allegro brack out\source.cpp(19): note: see declaration of 'brick'
c:\users\game110pm\source\repos\allegro brack out\allegro brack out\source.cpp(266): error C2064: term does not evaluate to a function taking 0 arguments
c:\users\game110pm\source\repos\allegro brack out\allegro brack out\source.cpp(269): error C2248: 'brick::isdead': cannot access private member declared in class 'brick'
  c:\users\game110pm\source\repos\allegro brack out\allegro brack out\source.cpp(23): note: see declaration of 'brick::isdead'
  c:\users\game110pm\source\repos\allegro brack out\allegro brack out\source.cpp(19): note: see declaration of 'brick'
c:\users\game110pm\source\repos\allegro brack out\allegro brack out\source.cpp(269): error C2064: term does not evaluate to a function taking 0 arguments
c:\users\game110pm\source\repos\allegro brack out\allegro brack out\source.cpp(272): error C2248: 'brick::isdead': cannot access private member declared in class 'brick'
  c:\users\game110pm\source\repos\allegro brack out\allegro brack out\source.cpp(23): note: see declaration of 'brick::isdead'
  c:\users\game110pm\source\repos\allegro brack out\allegro brack out\source.cpp(19): note: see declaration of 'brick'
c:\users\game110pm\source\repos\allegro brack out\allegro brack out\source.cpp(272): error C2064: term does not evaluate to a function taking 0 arguments
c:\users\game110pm\source\repos\allegro brack out\allegro brack out\source.cpp(275): error C2248: 'brick::isdead': cannot access private member declared in class 'brick'
  c:\users\game110pm\source\repos\allegro brack out\allegro brack out\source.cpp(23): note: see declaration of 'brick::isdead'
  c:\users\game110pm\source\repos\allegro brack out\allegro brack out\source.cpp(19): note: see declaration of 'brick'
c:\users\game110pm\source\repos\allegro brack out\allegro brack out\source.cpp(275): error C2064: term does not evaluate to a function taking 0 arguments
c:\users\game110pm\source\repos\allegro brack out\allegro brack out\source.cpp(278): error C2248: 'brick::isdead': cannot access private member declared in class 'brick'
  c:\users\game110pm\source\repos\allegro brack out\allegro brack out\source.cpp(23): note: see declaration of 'brick::isdead'
  c:\users\game110pm\source\repos\allegro brack out\allegro brack out\source.cpp(19): note: see declaration of 'brick'
c:\users\game110pm\source\repos\allegro brack out\allegro brack out\source.cpp(278): error C2064: term does not evaluate to a function taking 0 arguments
c:\users\game110pm\source\repos\allegro brack out\allegro brack out\source.cpp(281): error C2248: 'brick::isdead': cannot access private member declared in class 'brick'
  c:\users\game110pm\source\repos\allegro brack out\allegro brack out\source.cpp(23): note: see declaration of 'brick::isdead'
  c:\users\game110pm\source\repos\allegro brack out\allegro brack out\source.cpp(19): note: see declaration of 'brick'
c:\users\game110pm\source\repos\allegro brack out\allegro brack out\source.cpp(281): error C2064: term does not evaluate to a function taking 0 arguments
c:\users\game110pm\source\repos\allegro brack out\allegro brack out\source.cpp(284): error C2248: 'brick::isdead': cannot access private member declared in class 'brick'
  c:\users\game110pm\source\repos\allegro brack out\allegro brack out\source.cpp(23): note: see declaration of 'brick::isdead'
  c:\users\game110pm\source\repos\allegro brack out\allegro brack out\source.cpp(19): note: see declaration of 'brick'
c:\users\game110pm\source\repos\allegro brack out\allegro brack out\source.cpp(284): error C2064: term does not evaluate to a function taking 0 arguments
c:\users\game110pm\source\repos\allegro brack out\allegro brack out\source.cpp(287): error C2248: 'brick::isdead': cannot access private member declared in class 'brick'
  c:\users\game110pm\source\repos\allegro brack out\allegro brack out\source.cpp(23): note: see declaration of 'brick::isdead'
  c:\users\game110pm\source\repos\allegro brack out\allegro brack out\source.cpp(19): note: see declaration of 'brick'
c:\users\game110pm\source\repos\allegro brack out\allegro brack out\source.cpp(287): error C2064: term does not evaluate to a function taking 0 arguments
c:\users\game110pm\source\repos\allegro brack out\allegro brack out\source.cpp(290): error C2248: 'brick::isdead': cannot access private member declared in class 'brick'
  c:\users\game110pm\source\repos\allegro brack out\allegro brack out\source.cpp(23): note: see declaration of 'brick::isdead'
  c:\users\game110pm\source\repos\allegro brack out\allegro brack out\source.cpp(19): note: see declaration of 'brick'
c:\users\game110pm\source\repos\allegro brack out\allegro brack out\source.cpp(290): error C2064: term does not evaluate to a function taking 0 arguments
c:\users\game110pm\source\repos\allegro brack out\allegro brack out\source.cpp(293): error C2248: 'brick::isdead': cannot access private member declared in class 'brick'
  c:\users\game110pm\source\repos\allegro brack out\allegro brack out\source.cpp(23): note: see declaration of 'brick::isdead'
  c:\users\game110pm\source\repos\allegro brack out\allegro brack out\source.cpp(19): note: see declaration of 'brick'
c:\users\game110pm\source\repos\allegro brack out\allegro brack out\source.cpp(293): error C2064: term does not evaluate to a function taking 0 arguments
c:\users\game110pm\source\repos\allegro brack out\allegro brack out\source.cpp(296): error C2248: 'brick::isdead': cannot access private member declared in class 'brick'
  c:\users\game110pm\source\repos\allegro brack out\allegro brack out\source.cpp(23): note: see declaration of 'brick::isdead'
  c:\users\game110pm\source\repos\allegro brack out\allegro brack out\source.cpp(19): note: see declaration of 'brick'
c:\users\game110pm\source\repos\allegro brack out\allegro brack out\source.cpp(296): error C2064: term does not evaluate to a function taking 0 arguments
c:\users\game110pm\source\repos\allegro brack out\allegro brack out\source.cpp(299): error C2248: 'brick::isdead': cannot access private member declared in class 'brick'
  c:\users\game110pm\source\repos\allegro brack out\allegro brack out\source.cpp(23): note: see declaration of 'brick::isdead'
  c:\users\game110pm\source\repos\allegro brack out\allegro brack out\source.cpp(19): note: see declaration of 'brick'
c:\users\game110pm\source\repos\allegro brack out\allegro brack out\source.cpp(299): error C2064: term does not evaluate to a function taking 0 arguments
c:\users\game110pm\source\repos\allegro brack out\allegro brack out\source.cpp(302): error C2248: 'brick::isdead': cannot access private member declared in class 'brick'
  c:\users\game110pm\source\repos\allegro brack out\allegro brack out\source.cpp(23): note: see declaration of 'brick::isdead'
  c:\users\game110pm\source\repos\allegro brack out\allegro brack out\source.cpp(19): note: see declaration of 'brick'
c:\users\game110pm\source\repos\allegro brack out\allegro brack out\source.cpp(302): error C2064: term does not evaluate to a function taking 0 arguments
